<?xml version="1.0" encoding="UTF-8" ?>
<testsuite tests="1" failures="0" name="Pruebas_Avanzadas_MM_Test" time="0.022" errors="1" skipped="0">
  <properties>
[...]
</properties>
  <testcase classname="Pruebas_Avanzadas_MM_Test" name="operacionOptima" time="0.022">
    <error message="test timed out after 1 milliseconds" type="org.junit.runners.model.TestTimedOutException">org.junit.runners.model.TestTimedOutException: test timed out after 1 milliseconds
	at app//com.mycompany.entornos_mm.EntornosMM.ordenar(EntornosMM.java:17)
	at app//Pruebas_Avanzadas_MM_Test.operacionOptima(Pruebas_Avanzadas_MM_Test.java:40)
	at java.base@11.0.12/jdk.internal.reflect.NativeMethodAccessorImpl.invoke0(Native Method)
	at java.base@11.0.12/jdk.internal.reflect.NativeMethodAccessorImpl.invoke(NativeMethodAccessorImpl.java:62)
	at java.base@11.0.12/jdk.internal.reflect.DelegatingMethodAccessorImpl.invoke(DelegatingMethodAccessorImpl.java:43)
	at java.base@11.0.12/java.lang.reflect.Method.invoke(Method.java:566)
	at app//org.junit.runners.model.FrameworkMethod$1.runReflectiveCall(FrameworkMethod.java:59)
	at app//org.junit.internal.runners.model.ReflectiveCallable.run(ReflectiveCallable.java:12)
	at app//org.junit.runners.model.FrameworkMethod.invokeExplosively(FrameworkMethod.java:56)
	at app//org.junit.internal.runners.statements.InvokeMethod.evaluate(InvokeMethod.java:17)
	at app//org.junit.internal.runners.statements.FailOnTimeout$CallableStatement.call(FailOnTimeout.java:299)
	at app//org.junit.internal.runners.statements.FailOnTimeout$CallableStatement.call(FailOnTimeout.java:293)
	at java.base@11.0.12/java.util.concurrent.FutureTask.run(FutureTask.java:264)
	at java.base@11.0.12/java.lang.Thread.run(Thread.java:834)
</error>
    <system-out>timeout
</system-out>
  </testcase>
</testsuite>